<?xml version="1.0" encoding="UTF-8"?>
<testng-results ignored="0" total="1" passed="1" failed="0" skipped="0">
  <reporter-output>
    <line>
      <![CDATA[URL Lanugers]]>
    </line>
    <line>
      <![CDATA[Expected]]>
    </line>
    <line>
      <![CDATA[Acutal]]>
    </line>
    <line>
      <![CDATA[Expected Vs Actual Printed]]>
    </line>
  </reporter-output>
  <suite started-at="2023-03-24T08:20:33 IST" name="Test-Suite" finished-at="2023-03-24T08:20:44 IST" duration-ms="11274">
    <groups>
    </groups>
    <test started-at="2023-03-24T08:20:33 IST" name="TestNG-Report" finished-at="2023-03-24T08:20:44 IST" duration-ms="11274">
      <class name="FirstScript.TestNGExample">
        <test-method signature="verifyHomepageTitle()[pri:0, instance:FirstScript.TestNGExample@3febb011]" started-at="2023-03-24T08:20:33 IST" name="verifyHomepageTitle" finished-at="2023-03-24T08:20:44 IST" duration-ms="11134" status="PASS">
          <reporter-output>
            <line>
              <![CDATA[URL Lanugers]]>
            </line>
            <line>
              <![CDATA[Expected]]>
            </line>
            <line>
              <![CDATA[Acutal]]>
            </line>
            <line>
              <![CDATA[Expected Vs Actual Printed]]>
            </line>
          </reporter-output>
        </test-method> <!-- verifyHomepageTitle -->
      </class> <!-- FirstScript.TestNGExample -->
    </test> <!-- TestNG-Report -->
  </suite> <!-- Test-Suite -->
</testng-results>
